{"strategy_name": "Sandbox", "symbol": "AGL", "signal": "BUY", "price": 83.5, "timestamp": "2025-08-13 09:33:24.090640+05:00"}
{"strategy_name": "Sandbox", "symbol": "AGTL", "signal": "BUY", "price": 423.99, "timestamp": "2025-08-13 09:33:27.097406+05:00"}
{"strategy_name": "Sandbox", "symbol": "BAFL", "signal": "BUY", "price": 94.49, "timestamp": "2025-08-13 09:33:29.174000+05:00"}
{"strategy_name": "Sandbox", "symbol": "FCL", "signal": "BUY", "price": 24.76, "timestamp": "2025-08-13 09:33:27.795543+05:00"}
{"strategy_name": "Sandbox", "symbol": "PSO", "signal": "BUY", "price": 412.01, "timestamp": "2025-08-13 09:33:29.662253+05:00"}
{"strategy_name": "Sandbox", "symbol": "AGL", "signal": "SELL", "price": 83.5, "timestamp": "2025-08-13 09:33:30.093175+05:00", "pnl_percent": 0.0, "total_profit_percent": 0.0}
{"strategy_name": "Sandbox", "symbol": "AGL", "signal": "BUY", "price": 83.5, "timestamp": "2025-08-13 09:33:31.092100+05:00"}
{"strategy_name": "Sandbox", "symbol": "BAFL", "signal": "SELL", "price": 94.49, "timestamp": "2025-08-13 09:33:31.168852+05:00", "pnl_percent": 0.0, "total_profit_percent": 0.0}
{"strategy_name": "Sandbox", "symbol": "AGL", "signal": "SELL", "price": 83.5, "timestamp": "2025-08-13 09:33:32.097296+05:00", "pnl_percent": 0.0, "total_profit_percent": 0.0}
{"strategy_name": "Sandbox", "symbol": "BAFL", "signal": "BUY", "price": 94.49, "timestamp": "2025-08-13 09:33:33.177638+05:00"}
{"strategy_name": "Sandbox", "symbol": "BAFL", "signal": "SELL", "price": 94.49, "timestamp": "2025-08-13 09:33:34.174518+05:00", "pnl_percent": 0.0, "total_profit_percent": 0.0}
{"strategy_name": "Sandbox", "symbol": "BAFL", "signal": "BUY", "price": 94.49, "timestamp": "2025-08-13 09:33:36.170719+05:00"}
{"strategy_name": "Sandbox", "symbol": "BAFL", "signal": "SELL", "price": 94.49, "timestamp": "2025-08-13 09:33:37.168747+05:00", "pnl_percent": 0.0, "total_profit_percent": 0.0}
{"strategy_name": "Sandbox", "symbol": "BAFL", "signal": "BUY", "price": 94.49, "timestamp": "2025-08-13 09:33:38.176803+05:00"}
{"strategy_name": "Sandbox", "symbol": "AGL", "signal": "BUY", "price": 83.5, "timestamp": "2025-08-13 09:33:39.088649+05:00"}
{"strategy_name": "Sandbox", "symbol": "AGL", "signal": "SELL", "price": 83.5, "timestamp": "2025-08-13 09:33:41.113376+05:00", "pnl_percent": 0.0, "total_profit_percent": 0.0}
{"strategy_name": "Sandbox", "symbol": "BAFL", "signal": "SELL", "price": 94.49, "timestamp": "2025-08-13 09:33:43.175639+05:00", "pnl_percent": 0.0, "total_profit_percent": 0.0}
{"strategy_name": "Sandbox", "symbol": "AGTL", "signal": "SELL", "price": 423.99, "timestamp": "2025-08-13 09:33:44.089036+05:00", "pnl_percent": 0.0, "total_profit_percent": 0.0}
{"strategy_name": "Sandbox", "symbol": "AGL", "signal": "BUY", "price": 83.5, "timestamp": "2025-08-13 09:33:46.089627+05:00"}
{"strategy_name": "Sandbox", "symbol": "AGL", "signal": "SELL", "price": 83.5, "timestamp": "2025-08-13 09:33:48.121246+05:00", "pnl_percent": 0.0, "total_profit_percent": 0.0}
{"strategy_name": "Sandbox", "symbol": "BAFL", "signal": "BUY", "price": 94.49, "timestamp": "2025-08-13 09:33:48.177667+05:00"}
{"strategy_name": "Sandbox", "symbol": "AGL", "signal": "BUY", "price": 83.5, "timestamp": "2025-08-13 09:33:49.099955+05:00"}
{"strategy_name": "Sandbox", "symbol": "AGTL", "signal": "BUY", "price": 423.99, "timestamp": "2025-08-13 09:33:50.096194+05:00"}
{"strategy_name": "Sandbox", "symbol": "BAFL", "signal": "SELL", "price": 94.49, "timestamp": "2025-08-13 09:33:50.168946+05:00", "pnl_percent": 0.0, "total_profit_percent": 0.0}
{"strategy_name": "Sandbox", "symbol": "AGL", "signal": "SELL", "price": 83.5, "timestamp": "2025-08-13 09:33:51.089615+05:00", "pnl_percent": 0.0, "total_profit_percent": 0.0}
{"strategy_name": "Sandbox", "symbol": "BAFL", "signal": "BUY", "price": 94.49, "timestamp": "2025-08-13 09:33:52.229970+05:00"}
{"strategy_name": "Sandbox", "symbol": "AGL", "signal": "BUY", "price": 83.5, "timestamp": "2025-08-13 09:33:54.092264+05:00"}
{"strategy_name": "Sandbox", "symbol": "AGTL", "signal": "SELL", "price": 423.99, "timestamp": "2025-08-13 09:33:54.094252+05:00", "pnl_percent": 0.0, "total_profit_percent": 0.0}
{"strategy_name": "Sandbox", "symbol": "BAFL", "signal": "SELL", "price": 94.49, "timestamp": "2025-08-13 09:33:54.175144+05:00", "pnl_percent": 0.0, "total_profit_percent": 0.0}
{"strategy_name": "Sandbox", "symbol": "AGTL", "signal": "BUY", "price": 423.99, "timestamp": "2025-08-13 09:33:55.089460+05:00"}
{"strategy_name": "Sandbox", "symbol": "AGL", "signal": "SELL", "price": 83.5, "timestamp": "2025-08-13 09:33:57.089965+05:00", "pnl_percent": 0.0, "total_profit_percent": 0.0}
{"strategy_name": "Sandbox", "symbol": "AGL", "signal": "BUY", "price": 83.5, "timestamp": "2025-08-13 09:33:58.090221+05:00"}
{"strategy_name": "Sandbox", "symbol": "BAFL", "signal": "BUY", "price": 94.49, "timestamp": "2025-08-13 09:33:59.172681+05:00"}
{"strategy_name": "Sandbox", "symbol": "BAFL", "signal": "SELL", "price": 94.49, "timestamp": "2025-08-13 09:34:00.176017+05:00", "pnl_percent": 0.0, "total_profit_percent": 0.0}
{"strategy_name": "Sandbox", "symbol": "AGL", "signal": "SELL", "price": 83.5, "timestamp": "2025-08-13 09:34:01.096657+05:00", "pnl_percent": 0.0, "total_profit_percent": 0.0}
{"strategy_name": "Sandbox", "symbol": "AGTL", "signal": "SELL", "price": 423.99, "timestamp": "2025-08-13 09:34:01.098796+05:00", "pnl_percent": 0.0, "total_profit_percent": 0.0}
{"strategy_name": "Sandbox", "symbol": "BAFL", "signal": "BUY", "price": 94.49, "timestamp": "2025-08-13 09:34:01.170679+05:00"}
{"strategy_name": "Sandbox", "symbol": "AGL", "signal": "BUY", "price": 83.5, "timestamp": "2025-08-13 09:34:03.089440+05:00"}
{"strategy_name": "Sandbox", "symbol": "AGTL", "signal": "BUY", "price": 423.99, "timestamp": "2025-08-13 09:34:03.563584+05:00"}
{"strategy_name": "Sandbox", "symbol": "BAFL", "signal": "SELL", "price": 94.49, "timestamp": "2025-08-13 09:34:04.171236+05:00", "pnl_percent": 0.0, "total_profit_percent": 0.0}
{"strategy_name": "Sandbox", "symbol": "AGL", "signal": "SELL", "price": 83.5, "timestamp": "2025-08-13 09:34:05.095751+05:00", "pnl_percent": 0.0, "total_profit_percent": 0.0}
{"strategy_name": "Sandbox", "symbol": "AGL", "signal": "BUY", "price": 83.5, "timestamp": "2025-08-13 09:34:07.089879+05:00"}
{"strategy_name": "Sandbox", "symbol": "AGL", "signal": "SELL", "price": 83.5, "timestamp": "2025-08-13 09:34:08.095272+05:00", "pnl_percent": 0.0, "total_profit_percent": 0.0}
{"strategy_name": "Sandbox", "symbol": "AGL", "signal": "BUY", "price": 83.5, "timestamp": "2025-08-13 09:34:10.092977+05:00"}
{"strategy_name": "Sandbox", "symbol": "AGTL", "signal": "SELL", "price": 423.99, "timestamp": "2025-08-13 09:34:11.093481+05:00", "pnl_percent": 0.0, "total_profit_percent": 0.0}
{"strategy_name": "Sandbox", "symbol": "AGTL", "signal": "BUY", "price": 423.99, "timestamp": "2025-08-13 09:34:12.089962+05:00"}
{"strategy_name": "Sandbox", "symbol": "AGL", "signal": "SELL", "price": 83.5, "timestamp": "2025-08-13 09:34:13.092685+05:00", "pnl_percent": 0.0, "total_profit_percent": 0.0}
{"strategy_name": "Sandbox", "symbol": "BAFL", "signal": "BUY", "price": 94.49, "timestamp": "2025-08-13 09:34:16.172766+05:00"}
{"strategy_name": "Sandbox", "symbol": "AGL", "signal": "BUY", "price": 83.0, "timestamp": "2025-08-13 09:34:18.093501+05:00"}
{"strategy_name": "Sandbox", "symbol": "AGL", "signal": "SELL", "price": 83.49, "timestamp": "2025-08-13 09:34:20.261951+05:00", "pnl_percent": 0.59, "total_profit_percent": 0.59}
{"strategy_name": "Sandbox", "symbol": "AGL", "signal": "BUY", "price": 83.49, "timestamp": "2025-08-13 09:34:22.094062+05:00"}
{"strategy_name": "Sandbox", "symbol": "AGL", "signal": "SELL", "price": 83.49, "timestamp": "2025-08-13 09:34:24.261065+05:00", "pnl_percent": 0.0, "total_profit_percent": 0.59}
{"strategy_name": "Sandbox", "symbol": "AGL", "signal": "BUY", "price": 83.49, "timestamp": "2025-08-13 09:34:25.091200+05:00"}
{"strategy_name": "Sandbox", "symbol": "AGL", "signal": "SELL", "price": 83.49, "timestamp": "2025-08-13 09:34:26.089600+05:00", "pnl_percent": 0.0, "total_profit_percent": 0.59}
{"strategy_name": "Sandbox", "symbol": "AGTL", "signal": "SELL", "price": 423.99, "timestamp": "2025-08-13 09:34:30.143661+05:00", "pnl_percent": 0.0, "total_profit_percent": 0.59}
{"strategy_name": "Sandbox", "symbol": "AGTL", "signal": "BUY", "price": 423.99, "timestamp": "2025-08-13 09:34:31.090652+05:00"}
{"strategy_name": "Sandbox", "symbol": "BAFL", "signal": "SELL", "price": 94.49, "timestamp": "2025-08-13 09:34:32.578880+05:00", "pnl_percent": 0.0, "total_profit_percent": 0.59}
{"strategy_name": "Sandbox", "symbol": "AGL", "signal": "BUY", "price": 83.3, "timestamp": "2025-08-13 09:34:33.090150+05:00"}
{"strategy_name": "Sandbox", "symbol": "AGL", "signal": "SELL", "price": 83.0, "timestamp": "2025-08-13 09:34:35.093052+05:00", "pnl_percent": -0.36, "total_profit_percent": 0.23}
{"strategy_name": "Sandbox", "symbol": "AGTL", "signal": "SELL", "price": 423.95, "timestamp": "2025-08-13 09:34:43.541477+05:00", "pnl_percent": -0.01, "total_profit_percent": 0.22}
{"strategy_name": "Sandbox", "symbol": "BAFL", "signal": "BUY", "price": 94.49, "timestamp": "2025-08-13 09:34:43.557570+05:00"}
{"strategy_name": "Sandbox", "symbol": "AGL", "signal": "BUY", "price": 83.0, "timestamp": "2025-08-13 09:34:44.090530+05:00"}
{"strategy_name": "Sandbox", "symbol": "AGL", "signal": "SELL", "price": 83.0, "timestamp": "2025-08-13 09:34:45.089750+05:00", "pnl_percent": 0.0, "total_profit_percent": 0.22}
{"strategy_name": "Sandbox", "symbol": "BAFL", "signal": "SELL", "price": 94.49, "timestamp": "2025-08-13 09:34:45.176938+05:00", "pnl_percent": 0.0, "total_profit_percent": 0.22}
{"strategy_name": "Sandbox", "symbol": "BAFL", "signal": "BUY", "price": 94.49, "timestamp": "2025-08-13 09:34:48.172911+05:00"}
{"strategy_name": "Sandbox", "symbol": "AGL", "signal": "BUY", "price": 83.0, "timestamp": "2025-08-13 09:34:50.089599+05:00"}
{"strategy_name": "Sandbox", "symbol": "AGL", "signal": "SELL", "price": 83.0, "timestamp": "2025-08-13 09:34:51.089986+05:00", "pnl_percent": 0.0, "total_profit_percent": 0.22}
{"strategy_name": "Sandbox", "symbol": "AGTL", "signal": "BUY", "price": 423.95, "timestamp": "2025-08-13 09:34:51.091838+05:00"}
{"strategy_name": "Sandbox", "symbol": "AGL", "signal": "BUY", "price": 83.0, "timestamp": "2025-08-13 09:34:54.654412+05:00"}
{"strategy_name": "Sandbox", "symbol": "AGTL", "signal": "SELL", "price": 424.0, "timestamp": "2025-08-13 09:34:56.098291+05:00", "pnl_percent": 0.01, "total_profit_percent": 0.23}
{"strategy_name": "Sandbox", "symbol": "BAFL", "signal": "SELL", "price": 94.49, "timestamp": "2025-08-13 09:34:56.174796+05:00", "pnl_percent": 0.0, "total_profit_percent": 0.23}
{"strategy_name": "Sandbox", "symbol": "BAFL", "signal": "BUY", "price": 94.49, "timestamp": "2025-08-13 09:34:58.170152+05:00"}
{"strategy_name": "Sandbox", "symbol": "AGL", "signal": "SELL", "price": 83.0, "timestamp": "2025-08-13 09:35:01.128070+05:00", "pnl_percent": 0.0, "total_profit_percent": 0.23}
{"strategy_name": "Sandbox", "symbol": "BAFL", "signal": "SELL", "price": 94.49, "timestamp": "2025-08-13 09:35:01.495294+05:00", "pnl_percent": 0.0, "total_profit_percent": 0.23}
{"strategy_name": "Sandbox", "symbol": "AGL", "signal": "BUY", "price": 83.0, "timestamp": "2025-08-13 09:35:09.092682+05:00"}
{"strategy_name": "Sandbox", "symbol": "BAFL", "signal": "BUY", "price": 94.49, "timestamp": "2025-08-13 09:35:09.222316+05:00"}
{"strategy_name": "Sandbox", "symbol": "AGL", "signal": "SELL", "price": 83.0, "timestamp": "2025-08-13 09:35:10.092144+05:00", "pnl_percent": 0.0, "total_profit_percent": 0.23}
{"strategy_name": "Sandbox", "symbol": "AGL", "signal": "BUY", "price": 83.0, "timestamp": "2025-08-13 09:35:12.090454+05:00"}
{"strategy_name": "Sandbox", "symbol": "BAFL", "signal": "SELL", "price": 94.49, "timestamp": "2025-08-13 09:35:12.172305+05:00", "pnl_percent": 0.0, "total_profit_percent": 0.23}
{"strategy_name": "Sandbox", "symbol": "AGL", "signal": "SELL", "price": 83.0, "timestamp": "2025-08-13 09:35:13.090632+05:00", "pnl_percent": 0.0, "total_profit_percent": 0.23}
{"strategy_name": "Sandbox", "symbol": "BAFL", "signal": "BUY", "price": 94.49, "timestamp": "2025-08-13 09:35:13.170763+05:00"}
{"strategy_name": "Sandbox", "symbol": "AGTL", "signal": "BUY", "price": 424.0, "timestamp": "2025-08-13 09:35:14.093369+05:00"}
{"strategy_name": "Sandbox", "symbol": "BAFL", "signal": "SELL", "price": 94.49, "timestamp": "2025-08-13 09:35:14.175873+05:00", "pnl_percent": 0.0, "total_profit_percent": 0.23}
{"strategy_name": "Sandbox", "symbol": "AGTL", "signal": "SELL", "price": 424.0, "timestamp": "2025-08-13 09:35:15.116933+05:00", "pnl_percent": 0.0, "total_profit_percent": 0.23}
{"strategy_name": "Sandbox", "symbol": "BAFL", "signal": "BUY", "price": 94.49, "timestamp": "2025-08-13 09:35:16.176966+05:00"}
{"strategy_name": "Sandbox", "symbol": "AGL", "signal": "BUY", "price": 83.0, "timestamp": "2025-08-13 09:35:17.093534+05:00"}
{"strategy_name": "Sandbox", "symbol": "BAFL", "signal": "SELL", "price": 94.49, "timestamp": "2025-08-13 09:35:17.170901+05:00", "pnl_percent": 0.0, "total_profit_percent": 0.23}
{"strategy_name": "Sandbox", "symbol": "AGTL", "signal": "BUY", "price": 424.0, "timestamp": "2025-08-13 09:35:18.105633+05:00"}
{"strategy_name": "Sandbox", "symbol": "BAFL", "signal": "BUY", "price": 94.49, "timestamp": "2025-08-13 09:35:19.171593+05:00"}
{"strategy_name": "Sandbox", "symbol": "AGL", "signal": "SELL", "price": 83.0, "timestamp": "2025-08-13 09:35:20.302005+05:00", "pnl_percent": 0.0, "total_profit_percent": 0.23}
{"strategy_name": "Sandbox", "symbol": "AGTL", "signal": "SELL", "price": 424.0, "timestamp": "2025-08-13 09:35:21.094668+05:00", "pnl_percent": 0.0, "total_profit_percent": 0.23}
{"strategy_name": "Sandbox", "symbol": "BAFL", "signal": "SELL", "price": 94.49, "timestamp": "2025-08-13 09:35:22.174344+05:00", "pnl_percent": 0.0, "total_profit_percent": 0.23}
{"strategy_name": "Sandbox", "symbol": "AGL", "signal": "BUY", "price": 83.0, "timestamp": "2025-08-13 09:35:24.097712+05:00"}
{"strategy_name": "Sandbox", "symbol": "BAFL", "signal": "BUY", "price": 94.49, "timestamp": "2025-08-13 09:35:25.176675+05:00"}
{"strategy_name": "Sandbox", "symbol": "AGTL", "signal": "BUY", "price": 424.0, "timestamp": "2025-08-13 09:35:28.094346+05:00"}
{"strategy_name": "Sandbox", "symbol": "BAFL", "signal": "SELL", "price": 94.49, "timestamp": "2025-08-13 09:35:28.170462+05:00", "pnl_percent": 0.0, "total_profit_percent": 0.23}
{"strategy_name": "Sandbox", "symbol": "AGL", "signal": "SELL", "price": 83.0, "timestamp": "2025-08-13 09:35:29.096332+05:00", "pnl_percent": 0.0, "total_profit_percent": 0.23}
{"strategy_name": "Sandbox", "symbol": "BAFL", "signal": "BUY", "price": 94.49, "timestamp": "2025-08-13 09:35:30.173866+05:00"}
{"strategy_name": "Sandbox", "symbol": "BAFL", "signal": "SELL", "price": 94.49, "timestamp": "2025-08-13 09:35:34.179230+05:00", "pnl_percent": 0.0, "total_profit_percent": 0.23}
{"strategy_name": "Sandbox", "symbol": "AGL", "signal": "BUY", "price": 83.0, "timestamp": "2025-08-13 09:35:35.102533+05:00"}
{"strategy_name": "Sandbox", "symbol": "BAFL", "signal": "BUY", "price": 94.55, "timestamp": "2025-08-13 09:35:37.175995+05:00"}
{"strategy_name": "Sandbox", "symbol": "AGL", "signal": "SELL", "price": 83.0, "timestamp": "2025-08-13 09:35:38.104289+05:00", "pnl_percent": 0.0, "total_profit_percent": 0.23}
{"strategy_name": "Sandbox", "symbol": "BAFL", "signal": "SELL", "price": 94.89, "timestamp": "2025-08-13 09:35:38.174902+05:00", "pnl_percent": 0.36, "total_profit_percent": 0.59}
{"strategy_name": "Sandbox", "symbol": "AGL", "signal": "BUY", "price": 83.0, "timestamp": "2025-08-13 09:35:39.098618+05:00"}
{"strategy_name": "Sandbox", "symbol": "AGL", "signal": "SELL", "price": 83.0, "timestamp": "2025-08-13 09:35:41.091768+05:00", "pnl_percent": 0.0, "total_profit_percent": 0.59}
{"strategy_name": "Sandbox", "symbol": "AGL", "signal": "BUY", "price": 83.0, "timestamp": "2025-08-13 09:35:42.094844+05:00"}
{"strategy_name": "Sandbox", "symbol": "BAFL", "signal": "BUY", "price": 94.9, "timestamp": "2025-08-13 09:35:43.174716+05:00"}
{"strategy_name": "Sandbox", "symbol": "AGL", "signal": "SELL", "price": 83.0, "timestamp": "2025-08-13 09:35:45.093646+05:00", "pnl_percent": 0.0, "total_profit_percent": 0.59}
{"strategy_name": "Sandbox", "symbol": "AGTL", "signal": "SELL", "price": 424.0, "timestamp": "2025-08-13 09:35:45.095859+05:00", "pnl_percent": 0.0, "total_profit_percent": 0.59}
{"strategy_name": "Sandbox", "symbol": "AGL", "signal": "BUY", "price": 83.0, "timestamp": "2025-08-13 09:35:46.095183+05:00"}
{"strategy_name": "Sandbox", "symbol": "AGTL", "signal": "BUY", "price": 424.0, "timestamp": "2025-08-13 09:35:46.096791+05:00"}
